[INFO ][20180522 00:00:01,198][MessageTask$1:52] 执行(处理[waiting_confirm]状态的消息)任务开始
[INFO ][20180522 00:00:01,208][MessageScheduledImpl:121] ==>pageNum:1, numPerPage:2000
[INFO ][20180522 00:00:01,247][MessageScheduledImpl:125] ==>recordList is empty
[INFO ][20180522 00:00:01,248][MessageTask$1:54] 执行(处理[waiting_confirm]状态的消息)任务结束
[INFO ][20180522 00:00:01,248][MessageTask$1:57] [waiting_confirm]睡眠60秒
[INFO ][20180522 00:00:38,338][MessageTask$2:70] 执行(处理[SENDING]的消息)任务开始
[INFO ][20180522 00:00:38,340][MessageScheduledImpl:121] ==>pageNum:1, numPerPage:2000
[INFO ][20180522 00:00:38,383][MessageScheduledImpl:125] ==>recordList is empty
[INFO ][20180522 00:00:38,384][MessageTask$2:72] 执行(处理[SENDING]的消息)任务结束
[INFO ][20180522 00:00:38,385][MessageTask$2:74] [SENDING]睡眠60秒
[INFO ][20180522 00:01:01,249][MessageTask$1:52] 执行(处理[waiting_confirm]状态的消息)任务开始
[INFO ][20180522 00:01:01,249][MessageScheduledImpl:121] ==>pageNum:1, numPerPage:2000
[INFO ][20180522 00:01:01,269][MessageScheduledImpl:125] ==>recordList is empty
[INFO ][20180522 00:01:01,269][MessageTask$1:54] 执行(处理[waiting_confirm]状态的消息)任务结束
[INFO ][20180522 00:01:01,269][MessageTask$1:57] [waiting_confirm]睡眠60秒
[INFO ][20180522 00:01:38,385][MessageTask$2:70] 执行(处理[SENDING]的消息)任务开始
[INFO ][20180522 00:01:38,385][MessageScheduledImpl:121] ==>pageNum:1, numPerPage:2000
[INFO ][20180522 00:01:38,398][MessageScheduledImpl:125] ==>recordList is empty
[INFO ][20180522 00:01:38,398][MessageTask$2:72] 执行(处理[SENDING]的消息)任务结束
[INFO ][20180522 00:01:38,398][MessageTask$2:74] [SENDING]睡眠60秒
[INFO ][20180522 00:02:01,269][MessageTask$1:52] 执行(处理[waiting_confirm]状态的消息)任务开始
[INFO ][20180522 00:02:01,269][MessageScheduledImpl:121] ==>pageNum:1, numPerPage:2000
[INFO ][20180522 00:02:01,276][MessageScheduledImpl:125] ==>recordList is empty
[INFO ][20180522 00:02:01,276][MessageTask$1:54] 执行(处理[waiting_confirm]状态的消息)任务结束
[INFO ][20180522 00:02:01,276][MessageTask$1:57] [waiting_confirm]睡眠60秒
[INFO ][20180522 00:02:38,398][MessageTask$2:70] 执行(处理[SENDING]的消息)任务开始
[INFO ][20180522 00:02:38,398][MessageScheduledImpl:121] ==>pageNum:1, numPerPage:2000
[INFO ][20180522 00:02:38,409][MessageScheduledImpl:125] ==>recordList is empty
[INFO ][20180522 00:02:38,409][MessageTask$2:72] 执行(处理[SENDING]的消息)任务结束
[INFO ][20180522 00:02:38,409][MessageTask$2:74] [SENDING]睡眠60秒
[INFO ][20180522 00:03:01,276][MessageTask$1:52] 执行(处理[waiting_confirm]状态的消息)任务开始
[INFO ][20180522 00:03:01,276][MessageScheduledImpl:121] ==>pageNum:1, numPerPage:2000
[INFO ][20180522 00:03:01,302][MessageScheduledImpl:125] ==>recordList is empty
[INFO ][20180522 00:03:01,302][MessageTask$1:54] 执行(处理[waiting_confirm]状态的消息)任务结束
[INFO ][20180522 00:03:01,302][MessageTask$1:57] [waiting_confirm]睡眠60秒
[INFO ][20180522 00:03:38,409][MessageTask$2:70] 执行(处理[SENDING]的消息)任务开始
[INFO ][20180522 00:03:38,409][MessageScheduledImpl:121] ==>pageNum:1, numPerPage:2000
[INFO ][20180522 00:03:38,416][MessageScheduledImpl:125] ==>recordList is empty
[INFO ][20180522 00:03:38,416][MessageTask$2:72] 执行(处理[SENDING]的消息)任务结束
[INFO ][20180522 00:03:38,416][MessageTask$2:74] [SENDING]睡眠60秒
[INFO ][20180522 00:04:01,302][MessageTask$1:52] 执行(处理[waiting_confirm]状态的消息)任务开始
[INFO ][20180522 00:04:01,302][MessageScheduledImpl:121] ==>pageNum:1, numPerPage:2000
[INFO ][20180522 00:04:01,320][MessageScheduledImpl:125] ==>recordList is empty
[INFO ][20180522 00:04:01,320][MessageTask$1:54] 执行(处理[waiting_confirm]状态的消息)任务结束
[INFO ][20180522 00:04:01,320][MessageTask$1:57] [waiting_confirm]睡眠60秒
[INFO ][20180522 00:04:38,416][MessageTask$2:70] 执行(处理[SENDING]的消息)任务开始
[INFO ][20180522 00:04:38,417][MessageScheduledImpl:121] ==>pageNum:1, numPerPage:2000
[INFO ][20180522 00:04:38,433][MessageScheduledImpl:125] ==>recordList is empty
[INFO ][20180522 00:04:38,433][MessageTask$2:72] 执行(处理[SENDING]的消息)任务结束
[INFO ][20180522 00:04:38,433][MessageTask$2:74] [SENDING]睡眠60秒
[INFO ][20180522 00:05:01,322][MessageTask$1:52] 执行(处理[waiting_confirm]状态的消息)任务开始
[INFO ][20180522 00:05:01,322][MessageScheduledImpl:121] ==>pageNum:1, numPerPage:2000
[INFO ][20180522 00:05:01,333][MessageScheduledImpl:125] ==>recordList is empty
[INFO ][20180522 00:05:01,334][MessageTask$1:54] 执行(处理[waiting_confirm]状态的消息)任务结束
[INFO ][20180522 00:05:01,334][MessageTask$1:57] [waiting_confirm]睡眠60秒
[INFO ][20180522 00:05:38,434][MessageTask$2:70] 执行(处理[SENDING]的消息)任务开始
[INFO ][20180522 00:05:38,435][MessageScheduledImpl:121] ==>pageNum:1, numPerPage:2000
[INFO ][20180522 00:05:38,463][MessageScheduledImpl:125] ==>recordList is empty
[INFO ][20180522 00:05:38,463][MessageTask$2:72] 执行(处理[SENDING]的消息)任务结束
[INFO ][20180522 00:05:38,464][MessageTask$2:74] [SENDING]睡眠60秒
[INFO ][20180522 00:06:01,334][MessageTask$1:52] 执行(处理[waiting_confirm]状态的消息)任务开始
[INFO ][20180522 00:06:01,334][MessageScheduledImpl:121] ==>pageNum:1, numPerPage:2000
[INFO ][20180522 00:06:01,348][MessageScheduledImpl:125] ==>recordList is empty
[INFO ][20180522 00:06:01,348][MessageTask$1:54] 执行(处理[waiting_confirm]状态的消息)任务结束
[INFO ][20180522 00:06:01,348][MessageTask$1:57] [waiting_confirm]睡眠60秒
[INFO ][20180522 00:06:38,464][MessageTask$2:70] 执行(处理[SENDING]的消息)任务开始
[INFO ][20180522 00:06:38,465][MessageScheduledImpl:121] ==>pageNum:1, numPerPage:2000
[INFO ][20180522 00:06:38,505][MessageScheduledImpl:125] ==>recordList is empty
[INFO ][20180522 00:06:38,506][MessageTask$2:72] 执行(处理[SENDING]的消息)任务结束
[INFO ][20180522 00:06:38,506][MessageTask$2:74] [SENDING]睡眠60秒
[INFO ][20180522 00:07:01,349][MessageTask$1:52] 执行(处理[waiting_confirm]状态的消息)任务开始
[INFO ][20180522 00:07:01,350][MessageScheduledImpl:121] ==>pageNum:1, numPerPage:2000
[INFO ][20180522 00:07:01,381][MessageScheduledImpl:125] ==>recordList is empty
[INFO ][20180522 00:07:01,381][MessageTask$1:54] 执行(处理[waiting_confirm]状态的消息)任务结束
[INFO ][20180522 00:07:01,381][MessageTask$1:57] [waiting_confirm]睡眠60秒
[INFO ][20180522 00:07:38,506][MessageTask$2:70] 执行(处理[SENDING]的消息)任务开始
[INFO ][20180522 00:07:38,506][MessageScheduledImpl:121] ==>pageNum:1, numPerPage:2000
[INFO ][20180522 00:07:38,543][MessageScheduledImpl:125] ==>recordList is empty
[INFO ][20180522 00:07:38,544][MessageTask$2:72] 执行(处理[SENDING]的消息)任务结束
[INFO ][20180522 00:07:38,544][MessageTask$2:74] [SENDING]睡眠60秒
[INFO ][20180522 00:08:01,382][MessageTask$1:52] 执行(处理[waiting_confirm]状态的消息)任务开始
[INFO ][20180522 00:08:01,383][MessageScheduledImpl:121] ==>pageNum:1, numPerPage:2000
[INFO ][20180522 00:08:01,399][MessageScheduledImpl:125] ==>recordList is empty
[INFO ][20180522 00:08:01,399][MessageTask$1:54] 执行(处理[waiting_confirm]状态的消息)任务结束
[INFO ][20180522 00:08:01,399][MessageTask$1:57] [waiting_confirm]睡眠60秒
[INFO ][20180522 00:08:38,544][MessageTask$2:70] 执行(处理[SENDING]的消息)任务开始
[INFO ][20180522 00:08:38,544][MessageScheduledImpl:121] ==>pageNum:1, numPerPage:2000
[INFO ][20180522 00:08:38,591][MessageScheduledImpl:125] ==>recordList is empty
[INFO ][20180522 00:08:38,591][MessageTask$2:72] 执行(处理[SENDING]的消息)任务结束
[INFO ][20180522 00:08:38,592][MessageTask$2:74] [SENDING]睡眠60秒
[INFO ][20180522 00:09:01,399][MessageTask$1:52] 执行(处理[waiting_confirm]状态的消息)任务开始
[INFO ][20180522 00:09:01,400][MessageScheduledImpl:121] ==>pageNum:1, numPerPage:2000
[INFO ][20180522 00:09:01,427][MessageScheduledImpl:125] ==>recordList is empty
[INFO ][20180522 00:09:01,427][MessageTask$1:54] 执行(处理[waiting_confirm]状态的消息)任务结束
[INFO ][20180522 00:09:01,427][MessageTask$1:57] [waiting_confirm]睡眠60秒
[INFO ][20180522 00:09:38,592][MessageTask$2:70] 执行(处理[SENDING]的消息)任务开始
[INFO ][20180522 00:09:38,593][MessageScheduledImpl:121] ==>pageNum:1, numPerPage:2000
[INFO ][20180522 00:09:38,643][MessageScheduledImpl:125] ==>recordList is empty
[INFO ][20180522 00:09:38,643][MessageTask$2:72] 执行(处理[SENDING]的消息)任务结束
[INFO ][20180522 00:09:38,643][MessageTask$2:74] [SENDING]睡眠60秒
[INFO ][20180522 00:10:01,427][MessageTask$1:52] 执行(处理[waiting_confirm]状态的消息)任务开始
[INFO ][20180522 00:10:01,428][MessageScheduledImpl:121] ==>pageNum:1, numPerPage:2000
[INFO ][20180522 00:10:01,460][MessageScheduledImpl:125] ==>recordList is empty
[INFO ][20180522 00:10:01,460][MessageTask$1:54] 执行(处理[waiting_confirm]状态的消息)任务结束
[INFO ][20180522 00:10:01,460][MessageTask$1:57] [waiting_confirm]睡眠60秒
[INFO ][20180522 00:10:38,644][MessageTask$2:70] 执行(处理[SENDING]的消息)任务开始
[INFO ][20180522 00:10:38,645][MessageScheduledImpl:121] ==>pageNum:1, numPerPage:2000
[INFO ][20180522 00:10:38,687][MessageScheduledImpl:125] ==>recordList is empty
[INFO ][20180522 00:10:38,687][MessageTask$2:72] 执行(处理[SENDING]的消息)任务结束
[INFO ][20180522 00:10:38,688][MessageTask$2:74] [SENDING]睡眠60秒
[INFO ][20180522 00:11:01,461][MessageTask$1:52] 执行(处理[waiting_confirm]状态的消息)任务开始
[INFO ][20180522 00:11:01,461][MessageScheduledImpl:121] ==>pageNum:1, numPerPage:2000
[INFO ][20180522 00:11:01,479][MessageScheduledImpl:125] ==>recordList is empty
[INFO ][20180522 00:11:01,479][MessageTask$1:54] 执行(处理[waiting_confirm]状态的消息)任务结束
[INFO ][20180522 00:11:01,479][MessageTask$1:57] [waiting_confirm]睡眠60秒
[INFO ][20180522 00:11:38,688][MessageTask$2:70] 执行(处理[SENDING]的消息)任务开始
[INFO ][20180522 00:11:38,688][MessageScheduledImpl:121] ==>pageNum:1, numPerPage:2000
[INFO ][20180522 00:11:38,783][MessageScheduledImpl:125] ==>recordList is empty
[INFO ][20180522 00:11:38,783][MessageTask$2:72] 执行(处理[SENDING]的消息)任务结束
[INFO ][20180522 00:11:38,784][MessageTask$2:74] [SENDING]睡眠60秒
[INFO ][20180522 00:12:01,479][MessageTask$1:52] 执行(处理[waiting_confirm]状态的消息)任务开始
[INFO ][20180522 00:12:01,480][MessageScheduledImpl:121] ==>pageNum:1, numPerPage:2000
[INFO ][20180522 00:12:01,496][MessageScheduledImpl:125] ==>recordList is empty
[INFO ][20180522 00:12:01,496][MessageTask$1:54] 执行(处理[waiting_confirm]状态的消息)任务结束
[INFO ][20180522 00:12:01,496][MessageTask$1:57] [waiting_confirm]睡眠60秒
[INFO ][20180522 00:12:38,785][MessageTask$2:70] 执行(处理[SENDING]的消息)任务开始
[INFO ][20180522 00:12:38,786][MessageScheduledImpl:121] ==>pageNum:1, numPerPage:2000
[INFO ][20180522 00:12:38,860][MessageScheduledImpl:125] ==>recordList is empty
[INFO ][20180522 00:12:38,861][MessageTask$2:72] 执行(处理[SENDING]的消息)任务结束
[INFO ][20180522 00:12:38,861][MessageTask$2:74] [SENDING]睡眠60秒
[INFO ][20180522 00:13:01,496][MessageTask$1:52] 执行(处理[waiting_confirm]状态的消息)任务开始
[INFO ][20180522 00:13:01,496][MessageScheduledImpl:121] ==>pageNum:1, numPerPage:2000
[INFO ][20180522 00:13:01,521][MessageScheduledImpl:125] ==>recordList is empty
[INFO ][20180522 00:13:01,521][MessageTask$1:54] 执行(处理[waiting_confirm]状态的消息)任务结束
[INFO ][20180522 00:13:01,521][MessageTask$1:57] [waiting_confirm]睡眠60秒
[INFO ][20180522 00:13:38,862][MessageTask$2:70] 执行(处理[SENDING]的消息)任务开始
[INFO ][20180522 00:13:38,863][MessageScheduledImpl:121] ==>pageNum:1, numPerPage:2000
[INFO ][20180522 00:13:38,894][MessageScheduledImpl:125] ==>recordList is empty
[INFO ][20180522 00:13:38,894][MessageTask$2:72] 执行(处理[SENDING]的消息)任务结束
[INFO ][20180522 00:13:38,894][MessageTask$2:74] [SENDING]睡眠60秒
[INFO ][20180522 00:14:01,522][MessageTask$1:52] 执行(处理[waiting_confirm]状态的消息)任务开始
[INFO ][20180522 00:14:01,522][MessageScheduledImpl:121] ==>pageNum:1, numPerPage:2000
[INFO ][20180522 00:14:01,578][MessageScheduledImpl:125] ==>recordList is empty
[INFO ][20180522 00:14:01,579][MessageTask$1:54] 执行(处理[waiting_confirm]状态的消息)任务结束
[INFO ][20180522 00:14:01,579][MessageTask$1:57] [waiting_confirm]睡眠60秒
[INFO ][20180522 00:14:38,894][MessageTask$2:70] 执行(处理[SENDING]的消息)任务开始
[INFO ][20180522 00:14:38,895][MessageScheduledImpl:121] ==>pageNum:1, numPerPage:2000
[INFO ][20180522 00:14:38,913][MessageScheduledImpl:125] ==>recordList is empty
[INFO ][20180522 00:14:38,913][MessageTask$2:72] 执行(处理[SENDING]的消息)任务结束
[INFO ][20180522 00:14:38,913][MessageTask$2:74] [SENDING]睡眠60秒
[INFO ][20180522 00:15:01,579][MessageTask$1:52] 执行(处理[waiting_confirm]状态的消息)任务开始
[INFO ][20180522 00:15:01,579][MessageScheduledImpl:121] ==>pageNum:1, numPerPage:2000
[INFO ][20180522 00:15:01,641][MessageScheduledImpl:125] ==>recordList is empty
[INFO ][20180522 00:15:01,641][MessageTask$1:54] 执行(处理[waiting_confirm]状态的消息)任务结束
[INFO ][20180522 00:15:01,641][MessageTask$1:57] [waiting_confirm]睡眠60秒
[INFO ][20180522 00:15:38,914][MessageTask$2:70] 执行(处理[SENDING]的消息)任务开始
[INFO ][20180522 00:15:38,915][MessageScheduledImpl:121] ==>pageNum:1, numPerPage:2000
[INFO ][20180522 00:15:39,039][MessageScheduledImpl:125] ==>recordList is empty
[INFO ][20180522 00:15:39,040][MessageTask$2:72] 执行(处理[SENDING]的消息)任务结束
[INFO ][20180522 00:15:39,040][MessageTask$2:74] [SENDING]睡眠60秒
[INFO ][20180522 00:16:01,642][MessageTask$1:52] 执行(处理[waiting_confirm]状态的消息)任务开始
[INFO ][20180522 00:16:01,642][MessageScheduledImpl:121] ==>pageNum:1, numPerPage:2000
[INFO ][20180522 00:16:01,659][MessageScheduledImpl:125] ==>recordList is empty
[INFO ][20180522 00:16:01,660][MessageTask$1:54] 执行(处理[waiting_confirm]状态的消息)任务结束
[INFO ][20180522 00:16:01,660][MessageTask$1:57] [waiting_confirm]睡眠60秒
[INFO ][20180522 00:16:39,040][MessageTask$2:70] 执行(处理[SENDING]的消息)任务开始
[INFO ][20180522 00:16:39,041][MessageScheduledImpl:121] ==>pageNum:1, numPerPage:2000
[INFO ][20180522 00:16:39,051][MessageScheduledImpl:125] ==>recordList is empty
[INFO ][20180522 00:16:39,051][MessageTask$2:72] 执行(处理[SENDING]的消息)任务结束
[INFO ][20180522 00:16:39,051][MessageTask$2:74] [SENDING]睡眠60秒
[INFO ][20180522 00:17:01,660][MessageTask$1:52] 执行(处理[waiting_confirm]状态的消息)任务开始
[INFO ][20180522 00:17:01,660][MessageScheduledImpl:121] ==>pageNum:1, numPerPage:2000
[INFO ][20180522 00:17:01,674][MessageScheduledImpl:125] ==>recordList is empty
[INFO ][20180522 00:17:01,675][MessageTask$1:54] 执行(处理[waiting_confirm]状态的消息)任务结束
[INFO ][20180522 00:17:01,675][MessageTask$1:57] [waiting_confirm]睡眠60秒
[INFO ][20180522 00:17:39,052][MessageTask$2:70] 执行(处理[SENDING]的消息)任务开始
[INFO ][20180522 00:17:39,052][MessageScheduledImpl:121] ==>pageNum:1, numPerPage:2000
[INFO ][20180522 00:17:39,070][MessageScheduledImpl:125] ==>recordList is empty
[INFO ][20180522 00:17:39,071][MessageTask$2:72] 执行(处理[SENDING]的消息)任务结束
[INFO ][20180522 00:17:39,071][MessageTask$2:74] [SENDING]睡眠60秒
[INFO ][20180522 00:18:01,676][MessageTask$1:52] 执行(处理[waiting_confirm]状态的消息)任务开始
[INFO ][20180522 00:18:01,676][MessageScheduledImpl:121] ==>pageNum:1, numPerPage:2000
[INFO ][20180522 00:18:01,692][MessageScheduledImpl:125] ==>recordList is empty
[INFO ][20180522 00:18:01,692][MessageTask$1:54] 执行(处理[waiting_confirm]状态的消息)任务结束
[INFO ][20180522 00:18:01,692][MessageTask$1:57] [waiting_confirm]睡眠60秒
[INFO ][20180522 00:18:39,072][MessageTask$2:70] 执行(处理[SENDING]的消息)任务开始
[INFO ][20180522 00:18:39,072][MessageScheduledImpl:121] ==>pageNum:1, numPerPage:2000
[INFO ][20180522 00:18:39,087][MessageScheduledImpl:125] ==>recordList is empty
[INFO ][20180522 00:18:39,088][MessageTask$2:72] 执行(处理[SENDING]的消息)任务结束
[INFO ][20180522 00:18:39,088][MessageTask$2:74] [SENDING]睡眠60秒
[INFO ][20180522 00:19:01,693][MessageTask$1:52] 执行(处理[waiting_confirm]状态的消息)任务开始
[INFO ][20180522 00:19:01,693][MessageScheduledImpl:121] ==>pageNum:1, numPerPage:2000
[INFO ][20180522 00:19:01,706][MessageScheduledImpl:125] ==>recordList is empty
[INFO ][20180522 00:19:01,707][MessageTask$1:54] 执行(处理[waiting_confirm]状态的消息)任务结束
[INFO ][20180522 00:19:01,707][MessageTask$1:57] [waiting_confirm]睡眠60秒
[INFO ][20180522 00:19:39,089][MessageTask$2:70] 执行(处理[SENDING]的消息)任务开始
[INFO ][20180522 00:19:39,089][MessageScheduledImpl:121] ==>pageNum:1, numPerPage:2000
[INFO ][20180522 00:19:39,105][MessageScheduledImpl:125] ==>recordList is empty
[INFO ][20180522 00:19:39,105][MessageTask$2:72] 执行(处理[SENDING]的消息)任务结束
[INFO ][20180522 00:19:39,105][MessageTask$2:74] [SENDING]睡眠60秒
[INFO ][20180522 00:20:01,707][MessageTask$1:52] 执行(处理[waiting_confirm]状态的消息)任务开始
[INFO ][20180522 00:20:01,707][MessageScheduledImpl:121] ==>pageNum:1, numPerPage:2000
[INFO ][20180522 00:20:01,721][MessageScheduledImpl:125] ==>recordList is empty
[INFO ][20180522 00:20:01,722][MessageTask$1:54] 执行(处理[waiting_confirm]状态的消息)任务结束
[INFO ][20180522 00:20:01,722][MessageTask$1:57] [waiting_confirm]睡眠60秒
[INFO ][20180522 00:20:39,105][MessageTask$2:70] 执行(处理[SENDING]的消息)任务开始
[INFO ][20180522 00:20:39,105][MessageScheduledImpl:121] ==>pageNum:1, numPerPage:2000
[INFO ][20180522 00:20:39,122][MessageScheduledImpl:125] ==>recordList is empty
[INFO ][20180522 00:20:39,122][MessageTask$2:72] 执行(处理[SENDING]的消息)任务结束
[INFO ][20180522 00:20:39,122][MessageTask$2:74] [SENDING]睡眠60秒
[INFO ][20180522 00:21:01,723][MessageTask$1:52] 执行(处理[waiting_confirm]状态的消息)任务开始
[INFO ][20180522 00:21:01,723][MessageScheduledImpl:121] ==>pageNum:1, numPerPage:2000
[INFO ][20180522 00:21:01,747][MessageScheduledImpl:125] ==>recordList is empty
[INFO ][20180522 00:21:01,747][MessageTask$1:54] 执行(处理[waiting_confirm]状态的消息)任务结束
[INFO ][20180522 00:21:01,748][MessageTask$1:57] [waiting_confirm]睡眠60秒
[INFO ][20180522 00:21:39,123][MessageTask$2:70] 执行(处理[SENDING]的消息)任务开始
[INFO ][20180522 00:21:39,123][MessageScheduledImpl:121] ==>pageNum:1, numPerPage:2000
[INFO ][20180522 00:21:39,139][MessageScheduledImpl:125] ==>recordList is empty
[INFO ][20180522 00:21:39,139][MessageTask$2:72] 执行(处理[SENDING]的消息)任务结束
[INFO ][20180522 00:21:39,140][MessageTask$2:74] [SENDING]睡眠60秒
[INFO ][20180522 00:22:01,748][MessageTask$1:52] 执行(处理[waiting_confirm]状态的消息)任务开始
[INFO ][20180522 00:22:01,748][MessageScheduledImpl:121] ==>pageNum:1, numPerPage:2000
[INFO ][20180522 00:22:01,768][MessageScheduledImpl:125] ==>recordList is empty
[INFO ][20180522 00:22:01,768][MessageTask$1:54] 执行(处理[waiting_confirm]状态的消息)任务结束
[INFO ][20180522 00:22:01,769][MessageTask$1:57] [waiting_confirm]睡眠60秒
[INFO ][20180522 00:22:39,140][MessageTask$2:70] 执行(处理[SENDING]的消息)任务开始
[INFO ][20180522 00:22:39,140][MessageScheduledImpl:121] ==>pageNum:1, numPerPage:2000
[INFO ][20180522 00:22:39,153][MessageScheduledImpl:125] ==>recordList is empty
[INFO ][20180522 00:22:39,153][MessageTask$2:72] 执行(处理[SENDING]的消息)任务结束
[INFO ][20180522 00:22:39,153][MessageTask$2:74] [SENDING]睡眠60秒
[INFO ][20180522 00:23:01,770][MessageTask$1:52] 执行(处理[waiting_confirm]状态的消息)任务开始
[INFO ][20180522 00:23:01,770][MessageScheduledImpl:121] ==>pageNum:1, numPerPage:2000
[INFO ][20180522 00:23:01,780][MessageScheduledImpl:125] ==>recordList is empty
[INFO ][20180522 00:23:01,781][MessageTask$1:54] 执行(处理[waiting_confirm]状态的消息)任务结束
[INFO ][20180522 00:23:01,781][MessageTask$1:57] [waiting_confirm]睡眠60秒
[INFO ][20180522 00:23:39,154][MessageTask$2:70] 执行(处理[SENDING]的消息)任务开始
[INFO ][20180522 00:23:39,154][MessageScheduledImpl:121] ==>pageNum:1, numPerPage:2000
[INFO ][20180522 00:23:39,169][MessageScheduledImpl:125] ==>recordList is empty
[INFO ][20180522 00:23:39,169][MessageTask$2:72] 执行(处理[SENDING]的消息)任务结束
[INFO ][20180522 00:23:39,169][MessageTask$2:74] [SENDING]睡眠60秒
[INFO ][20180522 00:24:01,782][MessageTask$1:52] 执行(处理[waiting_confirm]状态的消息)任务开始
[INFO ][20180522 00:24:01,782][MessageScheduledImpl:121] ==>pageNum:1, numPerPage:2000
[INFO ][20180522 00:24:01,789][MessageScheduledImpl:125] ==>recordList is empty
[INFO ][20180522 00:24:01,790][MessageTask$1:54] 执行(处理[waiting_confirm]状态的消息)任务结束
[INFO ][20180522 00:24:01,790][MessageTask$1:57] [waiting_confirm]睡眠60秒
[INFO ][20180522 00:24:39,170][MessageTask$2:70] 执行(处理[SENDING]的消息)任务开始
[INFO ][20180522 00:24:39,170][MessageScheduledImpl:121] ==>pageNum:1, numPerPage:2000
[INFO ][20180522 00:24:39,184][MessageScheduledImpl:125] ==>recordList is empty
[INFO ][20180522 00:24:39,185][MessageTask$2:72] 执行(处理[SENDING]的消息)任务结束
[INFO ][20180522 00:24:39,185][MessageTask$2:74] [SENDING]睡眠60秒
[INFO ][20180522 00:25:01,790][MessageTask$1:52] 执行(处理[waiting_confirm]状态的消息)任务开始
[INFO ][20180522 00:25:01,790][MessageScheduledImpl:121] ==>pageNum:1, numPerPage:2000
[INFO ][20180522 00:25:01,804][MessageScheduledImpl:125] ==>recordList is empty
[INFO ][20180522 00:25:01,804][MessageTask$1:54] 执行(处理[waiting_confirm]状态的消息)任务结束
[INFO ][20180522 00:25:01,804][MessageTask$1:57] [waiting_confirm]睡眠60秒
[INFO ][20180522 00:25:39,186][MessageTask$2:70] 执行(处理[SENDING]的消息)任务开始
[INFO ][20180522 00:25:39,186][MessageScheduledImpl:121] ==>pageNum:1, numPerPage:2000
[INFO ][20180522 00:25:39,205][MessageScheduledImpl:125] ==>recordList is empty
[INFO ][20180522 00:25:39,205][MessageTask$2:72] 执行(处理[SENDING]的消息)任务结束
[INFO ][20180522 00:25:39,205][MessageTask$2:74] [SENDING]睡眠60秒
[INFO ][20180522 00:26:01,805][MessageTask$1:52] 执行(处理[waiting_confirm]状态的消息)任务开始
[INFO ][20180522 00:26:01,805][MessageScheduledImpl:121] ==>pageNum:1, numPerPage:2000
[INFO ][20180522 00:26:01,812][MessageScheduledImpl:125] ==>recordList is empty
[INFO ][20180522 00:26:01,812][MessageTask$1:54] 执行(处理[waiting_confirm]状态的消息)任务结束
[INFO ][20180522 00:26:01,812][MessageTask$1:57] [waiting_confirm]睡眠60秒
[INFO ][20180522 00:26:39,206][MessageTask$2:70] 执行(处理[SENDING]的消息)任务开始
[INFO ][20180522 00:26:39,206][MessageScheduledImpl:121] ==>pageNum:1, numPerPage:2000
[INFO ][20180522 00:26:39,214][MessageScheduledImpl:125] ==>recordList is empty
[INFO ][20180522 00:26:39,214][MessageTask$2:72] 执行(处理[SENDING]的消息)任务结束
[INFO ][20180522 00:26:39,214][MessageTask$2:74] [SENDING]睡眠60秒
[INFO ][20180522 00:27:01,813][MessageTask$1:52] 执行(处理[waiting_confirm]状态的消息)任务开始
[INFO ][20180522 00:27:01,813][MessageScheduledImpl:121] ==>pageNum:1, numPerPage:2000
[INFO ][20180522 00:27:01,854][MessageScheduledImpl:125] ==>recordList is empty
[INFO ][20180522 00:27:01,854][MessageTask$1:54] 执行(处理[waiting_confirm]状态的消息)任务结束
[INFO ][20180522 00:27:01,854][MessageTask$1:57] [waiting_confirm]睡眠60秒
[INFO ][20180522 00:27:39,215][MessageTask$2:70] 执行(处理[SENDING]的消息)任务开始
[INFO ][20180522 00:27:39,215][MessageScheduledImpl:121] ==>pageNum:1, numPerPage:2000
[INFO ][20180522 00:27:39,226][MessageScheduledImpl:125] ==>recordList is empty
[INFO ][20180522 00:27:39,227][MessageTask$2:72] 执行(处理[SENDING]的消息)任务结束
[INFO ][20180522 00:27:39,227][MessageTask$2:74] [SENDING]睡眠60秒
[INFO ][20180522 00:28:01,855][MessageTask$1:52] 执行(处理[waiting_confirm]状态的消息)任务开始
[INFO ][20180522 00:28:01,855][MessageScheduledImpl:121] ==>pageNum:1, numPerPage:2000
[INFO ][20180522 00:28:01,867][MessageScheduledImpl:125] ==>recordList is empty
[INFO ][20180522 00:28:01,867][MessageTask$1:54] 执行(处理[waiting_confirm]状态的消息)任务结束
[INFO ][20180522 00:28:01,867][MessageTask$1:57] [waiting_confirm]睡眠60秒
[INFO ][20180522 00:28:39,227][MessageTask$2:70] 执行(处理[SENDING]的消息)任务开始
[INFO ][20180522 00:28:39,227][MessageScheduledImpl:121] ==>pageNum:1, numPerPage:2000
[INFO ][20180522 00:28:39,237][MessageScheduledImpl:125] ==>recordList is empty
[INFO ][20180522 00:28:39,237][MessageTask$2:72] 执行(处理[SENDING]的消息)任务结束
[INFO ][20180522 00:28:39,237][MessageTask$2:74] [SENDING]睡眠60秒
[INFO ][20180522 00:29:01,869][MessageTask$1:52] 执行(处理[waiting_confirm]状态的消息)任务开始
[INFO ][20180522 00:29:01,869][MessageScheduledImpl:121] ==>pageNum:1, numPerPage:2000
[INFO ][20180522 00:29:01,884][MessageScheduledImpl:125] ==>recordList is empty
[INFO ][20180522 00:29:01,884][MessageTask$1:54] 执行(处理[waiting_confirm]状态的消息)任务结束
[INFO ][20180522 00:29:01,885][MessageTask$1:57] [waiting_confirm]睡眠60秒
[INFO ][20180522 00:29:39,237][MessageTask$2:70] 执行(处理[SENDING]的消息)任务开始
[INFO ][20180522 00:29:39,237][MessageScheduledImpl:121] ==>pageNum:1, numPerPage:2000
[INFO ][20180522 00:29:39,263][MessageScheduledImpl:125] ==>recordList is empty
[INFO ][20180522 00:29:39,263][MessageTask$2:72] 执行(处理[SENDING]的消息)任务结束
[INFO ][20180522 00:29:39,263][MessageTask$2:74] [SENDING]睡眠60秒
[INFO ][20180522 00:30:01,886][MessageTask$1:52] 执行(处理[waiting_confirm]状态的消息)任务开始
[INFO ][20180522 00:30:01,886][MessageScheduledImpl:121] ==>pageNum:1, numPerPage:2000
[INFO ][20180522 00:30:01,931][MessageScheduledImpl:125] ==>recordList is empty
[INFO ][20180522 00:30:01,931][MessageTask$1:54] 执行(处理[waiting_confirm]状态的消息)任务结束
[INFO ][20180522 00:30:01,931][MessageTask$1:57] [waiting_confirm]睡眠60秒
[INFO ][20180522 00:30:39,263][MessageTask$2:70] 执行(处理[SENDING]的消息)任务开始
[INFO ][20180522 00:30:39,264][MessageScheduledImpl:121] ==>pageNum:1, numPerPage:2000
[INFO ][20180522 00:30:39,301][MessageScheduledImpl:125] ==>recordList is empty
[INFO ][20180522 00:30:39,301][MessageTask$2:72] 执行(处理[SENDING]的消息)任务结束
[INFO ][20180522 00:30:39,302][MessageTask$2:74] [SENDING]睡眠60秒
[INFO ][20180522 00:31:01,931][MessageTask$1:52] 执行(处理[waiting_confirm]状态的消息)任务开始
[INFO ][20180522 00:31:01,932][MessageScheduledImpl:121] ==>pageNum:1, numPerPage:2000
[INFO ][20180522 00:31:01,948][MessageScheduledImpl:125] ==>recordList is empty
[INFO ][20180522 00:31:01,949][MessageTask$1:54] 执行(处理[waiting_confirm]状态的消息)任务结束
[INFO ][20180522 00:31:01,949][MessageTask$1:57] [waiting_confirm]睡眠60秒
[INFO ][20180522 00:31:39,303][MessageTask$2:70] 执行(处理[SENDING]的消息)任务开始
[INFO ][20180522 00:31:39,303][MessageScheduledImpl:121] ==>pageNum:1, numPerPage:2000
[INFO ][20180522 00:31:39,318][MessageScheduledImpl:125] ==>recordList is empty
[INFO ][20180522 00:31:39,318][MessageTask$2:72] 执行(处理[SENDING]的消息)任务结束
[INFO ][20180522 00:31:39,318][MessageTask$2:74] [SENDING]睡眠60秒
[INFO ][20180522 00:32:01,949][MessageTask$1:52] 执行(处理[waiting_confirm]状态的消息)任务开始
[INFO ][20180522 00:32:01,950][MessageScheduledImpl:121] ==>pageNum:1, numPerPage:2000
[INFO ][20180522 00:32:01,973][MessageScheduledImpl:125] ==>recordList is empty
[INFO ][20180522 00:32:01,973][MessageTask$1:54] 执行(处理[waiting_confirm]状态的消息)任务结束
[INFO ][20180522 00:32:01,974][MessageTask$1:57] [waiting_confirm]睡眠60秒
[INFO ][20180522 00:32:39,318][MessageTask$2:70] 执行(处理[SENDING]的消息)任务开始
[INFO ][20180522 00:32:39,319][MessageScheduledImpl:121] ==>pageNum:1, numPerPage:2000
[INFO ][20180522 00:32:39,686][MessageScheduledImpl:125] ==>recordList is empty
[INFO ][20180522 00:32:39,687][MessageTask$2:72] 执行(处理[SENDING]的消息)任务结束
[INFO ][20180522 00:32:39,687][MessageTask$2:74] [SENDING]睡眠60秒
[INFO ][20180522 00:33:01,974][MessageTask$1:52] 执行(处理[waiting_confirm]状态的消息)任务开始
[INFO ][20180522 00:33:01,974][MessageScheduledImpl:121] ==>pageNum:1, numPerPage:2000
[INFO ][20180522 00:33:01,983][MessageScheduledImpl:125] ==>recordList is empty
[INFO ][20180522 00:33:01,984][MessageTask$1:54] 执行(处理[waiting_confirm]状态的消息)任务结束
[INFO ][20180522 00:33:01,984][MessageTask$1:57] [waiting_confirm]睡眠60秒
[INFO ][20180522 00:33:39,688][MessageTask$2:70] 执行(处理[SENDING]的消息)任务开始
[INFO ][20180522 00:33:39,688][MessageScheduledImpl:121] ==>pageNum:1, numPerPage:2000
[INFO ][20180522 00:33:39,703][MessageScheduledImpl:125] ==>recordList is empty
[INFO ][20180522 00:33:39,703][MessageTask$2:72] 执行(处理[SENDING]的消息)任务结束
[INFO ][20180522 00:33:39,703][MessageTask$2:74] [SENDING]睡眠60秒
[INFO ][20180522 00:34:01,984][MessageTask$1:52] 执行(处理[waiting_confirm]状态的消息)任务开始
[INFO ][20180522 00:34:01,984][MessageScheduledImpl:121] ==>pageNum:1, numPerPage:2000
[INFO ][20180522 00:34:01,995][MessageScheduledImpl:125] ==>recordList is empty
[INFO ][20180522 00:34:01,995][MessageTask$1:54] 执行(处理[waiting_confirm]状态的消息)任务结束
[INFO ][20180522 00:34:01,995][MessageTask$1:57] [waiting_confirm]睡眠60秒
[INFO ][20180522 00:34:39,704][MessageTask$2:70] 执行(处理[SENDING]的消息)任务开始
[INFO ][20180522 00:34:39,704][MessageScheduledImpl:121] ==>pageNum:1, numPerPage:2000
[INFO ][20180522 00:34:39,717][MessageScheduledImpl:125] ==>recordList is empty
[INFO ][20180522 00:34:39,717][MessageTask$2:72] 执行(处理[SENDING]的消息)任务结束
[INFO ][20180522 00:34:39,717][MessageTask$2:74] [SENDING]睡眠60秒
[INFO ][20180522 00:35:01,996][MessageTask$1:52] 执行(处理[waiting_confirm]状态的消息)任务开始
[INFO ][20180522 00:35:01,996][MessageScheduledImpl:121] ==>pageNum:1, numPerPage:2000
[INFO ][20180522 00:35:02,013][MessageScheduledImpl:125] ==>recordList is empty
[INFO ][20180522 00:35:02,013][MessageTask$1:54] 执行(处理[waiting_confirm]状态的消息)任务结束
[INFO ][20180522 00:35:02,013][MessageTask$1:57] [waiting_confirm]睡眠60秒
[INFO ][20180522 00:35:39,717][MessageTask$2:70] 执行(处理[SENDING]的消息)任务开始
[INFO ][20180522 00:35:39,717][MessageScheduledImpl:121] ==>pageNum:1, numPerPage:2000
[INFO ][20180522 00:35:39,726][MessageScheduledImpl:125] ==>recordList is empty
[INFO ][20180522 00:35:39,727][MessageTask$2:72] 执行(处理[SENDING]的消息)任务结束
[INFO ][20180522 00:35:39,727][MessageTask$2:74] [SENDING]睡眠60秒
[INFO ][20180522 00:36:02,014][MessageTask$1:52] 执行(处理[waiting_confirm]状态的消息)任务开始
[INFO ][20180522 00:36:02,014][MessageScheduledImpl:121] ==>pageNum:1, numPerPage:2000
[INFO ][20180522 00:36:02,023][MessageScheduledImpl:125] ==>recordList is empty
[INFO ][20180522 00:36:02,023][MessageTask$1:54] 执行(处理[waiting_confirm]状态的消息)任务结束
[INFO ][20180522 00:36:02,024][MessageTask$1:57] [waiting_confirm]睡眠60秒
[INFO ][20180522 00:36:39,727][MessageTask$2:70] 执行(处理[SENDING]的消息)任务开始
[INFO ][20180522 00:36:39,727][MessageScheduledImpl:121] ==>pageNum:1, numPerPage:2000
[INFO ][20180522 00:36:39,744][MessageScheduledImpl:125] ==>recordList is empty
[INFO ][20180522 00:36:39,744][MessageTask$2:72] 执行(处理[SENDING]的消息)任务结束
[INFO ][20180522 00:36:39,744][MessageTask$2:74] [SENDING]睡眠60秒
[INFO ][20180522 00:37:02,024][MessageTask$1:52] 执行(处理[waiting_confirm]状态的消息)任务开始
[INFO ][20180522 00:37:02,024][MessageScheduledImpl:121] ==>pageNum:1, numPerPage:2000
[INFO ][20180522 00:37:02,038][MessageScheduledImpl:125] ==>recordList is empty
[INFO ][20180522 00:37:02,039][MessageTask$1:54] 执行(处理[waiting_confirm]状态的消息)任务结束
[INFO ][20180522 00:37:02,039][MessageTask$1:57] [waiting_confirm]睡眠60秒
[INFO ][20180522 00:37:39,745][MessageTask$2:70] 执行(处理[SENDING]的消息)任务开始
[INFO ][20180522 00:37:39,745][MessageScheduledImpl:121] ==>pageNum:1, numPerPage:2000
[INFO ][20180522 00:37:39,762][MessageScheduledImpl:125] ==>recordList is empty
[INFO ][20180522 00:37:39,762][MessageTask$2:72] 执行(处理[SENDING]的消息)任务结束
[INFO ][20180522 00:37:39,762][MessageTask$2:74] [SENDING]睡眠60秒
[INFO ][20180522 00:38:02,040][MessageTask$1:52] 执行(处理[waiting_confirm]状态的消息)任务开始
[INFO ][20180522 00:38:02,040][MessageScheduledImpl:121] ==>pageNum:1, numPerPage:2000
[INFO ][20180522 00:38:02,054][MessageScheduledImpl:125] ==>recordList is empty
[INFO ][20180522 00:38:02,054][MessageTask$1:54] 执行(处理[waiting_confirm]状态的消息)任务结束
[INFO ][20180522 00:38:02,054][MessageTask$1:57] [waiting_confirm]睡眠60秒
[INFO ][20180522 00:38:39,763][MessageTask$2:70] 执行(处理[SENDING]的消息)任务开始
[INFO ][20180522 00:38:39,763][MessageScheduledImpl:121] ==>pageNum:1, numPerPage:2000
[INFO ][20180522 00:38:39,777][MessageScheduledImpl:125] ==>recordList is empty
[INFO ][20180522 00:38:39,777][MessageTask$2:72] 执行(处理[SENDING]的消息)任务结束
[INFO ][20180522 00:38:39,778][MessageTask$2:74] [SENDING]睡眠60秒
[INFO ][20180522 00:39:02,054][MessageTask$1:52] 执行(处理[waiting_confirm]状态的消息)任务开始
[INFO ][20180522 00:39:02,055][MessageScheduledImpl:121] ==>pageNum:1, numPerPage:2000
[INFO ][20180522 00:39:02,073][MessageScheduledImpl:125] ==>recordList is empty
[INFO ][20180522 00:39:02,073][MessageTask$1:54] 执行(处理[waiting_confirm]状态的消息)任务结束
[INFO ][20180522 00:39:02,073][MessageTask$1:57] [waiting_confirm]睡眠60秒
[INFO ][20180522 00:39:39,778][MessageTask$2:70] 执行(处理[SENDING]的消息)任务开始
[INFO ][20180522 00:39:39,778][MessageScheduledImpl:121] ==>pageNum:1, numPerPage:2000
[INFO ][20180522 00:39:39,793][MessageScheduledImpl:125] ==>recordList is empty
[INFO ][20180522 00:39:39,794][MessageTask$2:72] 执行(处理[SENDING]的消息)任务结束
[INFO ][20180522 00:39:39,794][MessageTask$2:74] [SENDING]睡眠60秒
[INFO ][20180522 00:40:02,073][MessageTask$1:52] 执行(处理[waiting_confirm]状态的消息)任务开始
[INFO ][20180522 00:40:02,073][MessageScheduledImpl:121] ==>pageNum:1, numPerPage:2000
[INFO ][20180522 00:40:02,098][MessageScheduledImpl:125] ==>recordList is empty
[INFO ][20180522 00:40:02,099][MessageTask$1:54] 执行(处理[waiting_confirm]状态的消息)任务结束
[INFO ][20180522 00:40:02,099][MessageTask$1:57] [waiting_confirm]睡眠60秒
[INFO ][20180522 00:40:39,795][MessageTask$2:70] 执行(处理[SENDING]的消息)任务开始
[INFO ][20180522 00:40:39,795][MessageScheduledImpl:121] ==>pageNum:1, numPerPage:2000
[INFO ][20180522 00:40:40,231][MessageScheduledImpl:125] ==>recordList is empty
[INFO ][20180522 00:40:40,231][MessageTask$2:72] 执行(处理[SENDING]的消息)任务结束
[INFO ][20180522 00:40:40,232][MessageTask$2:74] [SENDING]睡眠60秒
[INFO ][20180522 00:41:02,099][MessageTask$1:52] 执行(处理[waiting_confirm]状态的消息)任务开始
[INFO ][20180522 00:41:02,099][MessageScheduledImpl:121] ==>pageNum:1, numPerPage:2000
[INFO ][20180522 00:41:02,111][MessageScheduledImpl:125] ==>recordList is empty
[INFO ][20180522 00:41:02,112][MessageTask$1:54] 执行(处理[waiting_confirm]状态的消息)任务结束
[INFO ][20180522 00:41:02,112][MessageTask$1:57] [waiting_confirm]睡眠60秒
[INFO ][20180522 00:41:40,233][MessageTask$2:70] 执行(处理[SENDING]的消息)任务开始
[INFO ][20180522 00:41:40,233][MessageScheduledImpl:121] ==>pageNum:1, numPerPage:2000
[INFO ][20180522 00:41:40,241][MessageScheduledImpl:125] ==>recordList is empty
[INFO ][20180522 00:41:40,241][MessageTask$2:72] 执行(处理[SENDING]的消息)任务结束
[INFO ][20180522 00:41:40,241][MessageTask$2:74] [SENDING]睡眠60秒
[INFO ][20180522 00:42:02,112][MessageTask$1:52] 执行(处理[waiting_confirm]状态的消息)任务开始
[INFO ][20180522 00:42:02,112][MessageScheduledImpl:121] ==>pageNum:1, numPerPage:2000
[INFO ][20180522 00:42:02,126][MessageScheduledImpl:125] ==>recordList is empty
[INFO ][20180522 00:42:02,127][MessageTask$1:54] 执行(处理[waiting_confirm]状态的消息)任务结束
[INFO ][20180522 00:42:02,127][MessageTask$1:57] [waiting_confirm]睡眠60秒
[INFO ][20180522 00:42:40,241][MessageTask$2:70] 执行(处理[SENDING]的消息)任务开始
[INFO ][20180522 00:42:40,241][MessageScheduledImpl:121] ==>pageNum:1, numPerPage:2000
[INFO ][20180522 00:42:40,254][MessageScheduledImpl:125] ==>recordList is empty
[INFO ][20180522 00:42:40,254][MessageTask$2:72] 执行(处理[SENDING]的消息)任务结束
[INFO ][20180522 00:42:40,254][MessageTask$2:74] [SENDING]睡眠60秒
[INFO ][20180522 00:43:02,128][MessageTask$1:52] 执行(处理[waiting_confirm]状态的消息)任务开始
[INFO ][20180522 00:43:02,128][MessageScheduledImpl:121] ==>pageNum:1, numPerPage:2000
[INFO ][20180522 00:43:02,144][MessageScheduledImpl:125] ==>recordList is empty
[INFO ][20180522 00:43:02,145][MessageTask$1:54] 执行(处理[waiting_confirm]状态的消息)任务结束
[INFO ][20180522 00:43:02,145][MessageTask$1:57] [waiting_confirm]睡眠60秒
[INFO ][20180522 00:43:40,256][MessageTask$2:70] 执行(处理[SENDING]的消息)任务开始
[INFO ][20180522 00:43:40,257][MessageScheduledImpl:121] ==>pageNum:1, numPerPage:2000
[INFO ][20180522 00:43:40,281][MessageScheduledImpl:125] ==>recordList is empty
[INFO ][20180522 00:43:40,281][MessageTask$2:72] 执行(处理[SENDING]的消息)任务结束
[INFO ][20180522 00:43:40,281][MessageTask$2:74] [SENDING]睡眠60秒
[INFO ][20180522 00:44:02,145][MessageTask$1:52] 执行(处理[waiting_confirm]状态的消息)任务开始
[INFO ][20180522 00:44:02,145][MessageScheduledImpl:121] ==>pageNum:1, numPerPage:2000
[INFO ][20180522 00:44:02,151][MessageScheduledImpl:125] ==>recordList is empty
[INFO ][20180522 00:44:02,152][MessageTask$1:54] 执行(处理[waiting_confirm]状态的消息)任务结束
[INFO ][20180522 00:44:02,152][MessageTask$1:57] [waiting_confirm]睡眠60秒
[INFO ][20180522 00:44:40,282][MessageTask$2:70] 执行(处理[SENDING]的消息)任务开始
[INFO ][20180522 00:44:40,282][MessageScheduledImpl:121] ==>pageNum:1, numPerPage:2000
[INFO ][20180522 00:44:40,325][MessageScheduledImpl:125] ==>recordList is empty
[INFO ][20180522 00:44:40,326][MessageTask$2:72] 执行(处理[SENDING]的消息)任务结束
[INFO ][20180522 00:44:40,326][MessageTask$2:74] [SENDING]睡眠60秒
[INFO ][20180522 00:45:02,152][MessageTask$1:52] 执行(处理[waiting_confirm]状态的消息)任务开始
[INFO ][20180522 00:45:02,152][MessageScheduledImpl:121] ==>pageNum:1, numPerPage:2000
[INFO ][20180522 00:45:02,167][MessageScheduledImpl:125] ==>recordList is empty
[INFO ][20180522 00:45:02,167][MessageTask$1:54] 执行(处理[waiting_confirm]状态的消息)任务结束
[INFO ][20180522 00:45:02,168][MessageTask$1:57] [waiting_confirm]睡眠60秒
[INFO ][20180522 00:45:40,326][MessageTask$2:70] 执行(处理[SENDING]的消息)任务开始
[INFO ][20180522 00:45:40,326][MessageScheduledImpl:121] ==>pageNum:1, numPerPage:2000
[INFO ][20180522 00:45:40,338][MessageScheduledImpl:125] ==>recordList is empty
[INFO ][20180522 00:45:40,339][MessageTask$2:72] 执行(处理[SENDING]的消息)任务结束
[INFO ][20180522 00:45:40,339][MessageTask$2:74] [SENDING]睡眠60秒
[INFO ][20180522 00:46:02,169][MessageTask$1:52] 执行(处理[waiting_confirm]状态的消息)任务开始
[INFO ][20180522 00:46:02,169][MessageScheduledImpl:121] ==>pageNum:1, numPerPage:2000
[INFO ][20180522 00:46:02,183][MessageScheduledImpl:125] ==>recordList is empty
[INFO ][20180522 00:46:02,183][MessageTask$1:54] 执行(处理[waiting_confirm]状态的消息)任务结束
[INFO ][20180522 00:46:02,183][MessageTask$1:57] [waiting_confirm]睡眠60秒
[INFO ][20180522 00:46:40,340][MessageTask$2:70] 执行(处理[SENDING]的消息)任务开始
[INFO ][20180522 00:46:40,340][MessageScheduledImpl:121] ==>pageNum:1, numPerPage:2000
[INFO ][20180522 00:46:40,581][MessageScheduledImpl:125] ==>recordList is empty
[INFO ][20180522 00:46:40,582][MessageTask$2:72] 执行(处理[SENDING]的消息)任务结束
[INFO ][20180522 00:46:40,582][MessageTask$2:74] [SENDING]睡眠60秒
[INFO ][20180522 00:47:02,183][MessageTask$1:52] 执行(处理[waiting_confirm]状态的消息)任务开始
[INFO ][20180522 00:47:02,183][MessageScheduledImpl:121] ==>pageNum:1, numPerPage:2000
[INFO ][20180522 00:47:02,194][MessageScheduledImpl:125] ==>recordList is empty
[INFO ][20180522 00:47:02,194][MessageTask$1:54] 执行(处理[waiting_confirm]状态的消息)任务结束
[INFO ][20180522 00:47:02,194][MessageTask$1:57] [waiting_confirm]睡眠60秒
[INFO ][20180522 00:47:40,582][MessageTask$2:70] 执行(处理[SENDING]的消息)任务开始
[INFO ][20180522 00:47:40,582][MessageScheduledImpl:121] ==>pageNum:1, numPerPage:2000
[INFO ][20180522 00:47:40,596][MessageScheduledImpl:125] ==>recordList is empty
[INFO ][20180522 00:47:40,596][MessageTask$2:72] 执行(处理[SENDING]的消息)任务结束
[INFO ][20180522 00:47:40,596][MessageTask$2:74] [SENDING]睡眠60秒
[INFO ][20180522 00:48:02,195][MessageTask$1:52] 执行(处理[waiting_confirm]状态的消息)任务开始
[INFO ][20180522 00:48:02,196][MessageScheduledImpl:121] ==>pageNum:1, numPerPage:2000
[INFO ][20180522 00:48:02,207][MessageScheduledImpl:125] ==>recordList is empty
[INFO ][20180522 00:48:02,207][MessageTask$1:54] 执行(处理[waiting_confirm]状态的消息)任务结束
[INFO ][20180522 00:48:02,207][MessageTask$1:57] [waiting_confirm]睡眠60秒
[INFO ][20180522 00:48:40,596][MessageTask$2:70] 执行(处理[SENDING]的消息)任务开始
[INFO ][20180522 00:48:40,596][MessageScheduledImpl:121] ==>pageNum:1, numPerPage:2000
[INFO ][20180522 00:48:40,611][MessageScheduledImpl:125] ==>recordList is empty
[INFO ][20180522 00:48:40,612][MessageTask$2:72] 执行(处理[SENDING]的消息)任务结束
[INFO ][20180522 00:48:40,612][MessageTask$2:74] [SENDING]睡眠60秒
[INFO ][20180522 00:49:02,208][MessageTask$1:52] 执行(处理[waiting_confirm]状态的消息)任务开始
[INFO ][20180522 00:49:02,209][MessageScheduledImpl:121] ==>pageNum:1, numPerPage:2000
[INFO ][20180522 00:49:02,222][MessageScheduledImpl:125] ==>recordList is empty
[INFO ][20180522 00:49:02,223][MessageTask$1:54] 执行(处理[waiting_confirm]状态的消息)任务结束
[INFO ][20180522 00:49:02,223][MessageTask$1:57] [waiting_confirm]睡眠60秒
[INFO ][20180522 00:49:40,612][MessageTask$2:70] 执行(处理[SENDING]的消息)任务开始
[INFO ][20180522 00:49:40,612][MessageScheduledImpl:121] ==>pageNum:1, numPerPage:2000
[INFO ][20180522 00:49:40,619][MessageScheduledImpl:125] ==>recordList is empty
[INFO ][20180522 00:49:40,619][MessageTask$2:72] 执行(处理[SENDING]的消息)任务结束
[INFO ][20180522 00:49:40,619][MessageTask$2:74] [SENDING]睡眠60秒
[INFO ][20180522 00:50:02,223][MessageTask$1:52] 执行(处理[waiting_confirm]状态的消息)任务开始
[INFO ][20180522 00:50:02,223][MessageScheduledImpl:121] ==>pageNum:1, numPerPage:2000
[INFO ][20180522 00:50:02,234][MessageScheduledImpl:125] ==>recordList is empty
[INFO ][20180522 00:50:02,234][MessageTask$1:54] 执行(处理[waiting_confirm]状态的消息)任务结束
[INFO ][20180522 00:50:02,234][MessageTask$1:57] [waiting_confirm]睡眠60秒
[INFO ][20180522 00:50:40,620][MessageTask$2:70] 执行(处理[SENDING]的消息)任务开始
[INFO ][20180522 00:50:40,620][MessageScheduledImpl:121] ==>pageNum:1, numPerPage:2000
[INFO ][20180522 00:50:40,631][MessageScheduledImpl:125] ==>recordList is empty
[INFO ][20180522 00:50:40,631][MessageTask$2:72] 执行(处理[SENDING]的消息)任务结束
[INFO ][20180522 00:50:40,631][MessageTask$2:74] [SENDING]睡眠60秒
[INFO ][20180522 00:51:02,235][MessageTask$1:52] 执行(处理[waiting_confirm]状态的消息)任务开始
[INFO ][20180522 00:51:02,235][MessageScheduledImpl:121] ==>pageNum:1, numPerPage:2000
[INFO ][20180522 00:51:02,245][MessageScheduledImpl:125] ==>recordList is empty
[INFO ][20180522 00:51:02,245][MessageTask$1:54] 执行(处理[waiting_confirm]状态的消息)任务结束
[INFO ][20180522 00:51:02,245][MessageTask$1:57] [waiting_confirm]睡眠60秒
[INFO ][20180522 00:51:40,632][MessageTask$2:70] 执行(处理[SENDING]的消息)任务开始
[INFO ][20180522 00:51:40,632][MessageScheduledImpl:121] ==>pageNum:1, numPerPage:2000
[INFO ][20180522 00:51:40,641][MessageScheduledImpl:125] ==>recordList is empty
[INFO ][20180522 00:51:40,642][MessageTask$2:72] 执行(处理[SENDING]的消息)任务结束
[INFO ][20180522 00:51:40,642][MessageTask$2:74] [SENDING]睡眠60秒
[INFO ][20180522 00:52:02,247][MessageTask$1:52] 执行(处理[waiting_confirm]状态的消息)任务开始
[INFO ][20180522 00:52:02,247][MessageScheduledImpl:121] ==>pageNum:1, numPerPage:2000
[INFO ][20180522 00:52:02,261][MessageScheduledImpl:125] ==>recordList is empty
[INFO ][20180522 00:52:02,261][MessageTask$1:54] 执行(处理[waiting_confirm]状态的消息)任务结束
[INFO ][20180522 00:52:02,262][MessageTask$1:57] [waiting_confirm]睡眠60秒
[INFO ][20180522 00:52:40,643][MessageTask$2:70] 执行(处理[SENDING]的消息)任务开始
[INFO ][20180522 00:52:40,643][MessageScheduledImpl:121] ==>pageNum:1, numPerPage:2000
[INFO ][20180522 00:52:40,660][MessageScheduledImpl:125] ==>recordList is empty
[INFO ][20180522 00:52:40,661][MessageTask$2:72] 执行(处理[SENDING]的消息)任务结束
[INFO ][20180522 00:52:40,661][MessageTask$2:74] [SENDING]睡眠60秒
[INFO ][20180522 00:53:02,263][MessageTask$1:52] 执行(处理[waiting_confirm]状态的消息)任务开始
[INFO ][20180522 00:53:02,263][MessageScheduledImpl:121] ==>pageNum:1, numPerPage:2000
[INFO ][20180522 00:53:02,271][MessageScheduledImpl:125] ==>recordList is empty
[INFO ][20180522 00:53:02,271][MessageTask$1:54] 执行(处理[waiting_confirm]状态的消息)任务结束
[INFO ][20180522 00:53:02,271][MessageTask$1:57] [waiting_confirm]睡眠60秒
[INFO ][20180522 00:53:40,661][MessageTask$2:70] 执行(处理[SENDING]的消息)任务开始
[INFO ][20180522 00:53:40,661][MessageScheduledImpl:121] ==>pageNum:1, numPerPage:2000
[INFO ][20180522 00:53:40,678][MessageScheduledImpl:125] ==>recordList is empty
[INFO ][20180522 00:53:40,679][MessageTask$2:72] 执行(处理[SENDING]的消息)任务结束
[INFO ][20180522 00:53:40,679][MessageTask$2:74] [SENDING]睡眠60秒
[INFO ][20180522 00:54:02,272][MessageTask$1:52] 执行(处理[waiting_confirm]状态的消息)任务开始
[INFO ][20180522 00:54:02,272][MessageScheduledImpl:121] ==>pageNum:1, numPerPage:2000
[INFO ][20180522 00:54:02,341][MessageScheduledImpl:125] ==>recordList is empty
[INFO ][20180522 00:54:02,341][MessageTask$1:54] 执行(处理[waiting_confirm]状态的消息)任务结束
[INFO ][20180522 00:54:02,341][MessageTask$1:57] [waiting_confirm]睡眠60秒
[INFO ][20180522 00:54:40,680][MessageTask$2:70] 执行(处理[SENDING]的消息)任务开始
[INFO ][20180522 00:54:40,680][MessageScheduledImpl:121] ==>pageNum:1, numPerPage:2000
[INFO ][20180522 00:54:40,692][MessageScheduledImpl:125] ==>recordList is empty
[INFO ][20180522 00:54:40,693][MessageTask$2:72] 执行(处理[SENDING]的消息)任务结束
[INFO ][20180522 00:54:40,693][MessageTask$2:74] [SENDING]睡眠60秒
[INFO ][20180522 00:55:02,341][MessageTask$1:52] 执行(处理[waiting_confirm]状态的消息)任务开始
[INFO ][20180522 00:55:02,341][MessageScheduledImpl:121] ==>pageNum:1, numPerPage:2000
[INFO ][20180522 00:55:02,350][MessageScheduledImpl:125] ==>recordList is empty
[INFO ][20180522 00:55:02,350][MessageTask$1:54] 执行(处理[waiting_confirm]状态的消息)任务结束
[INFO ][20180522 00:55:02,350][MessageTask$1:57] [waiting_confirm]睡眠60秒
[INFO ][20180522 00:55:40,694][MessageTask$2:70] 执行(处理[SENDING]的消息)任务开始
[INFO ][20180522 00:55:40,695][MessageScheduledImpl:121] ==>pageNum:1, numPerPage:2000
[INFO ][20180522 00:55:40,716][MessageScheduledImpl:125] ==>recordList is empty
[INFO ][20180522 00:55:40,717][MessageTask$2:72] 执行(处理[SENDING]的消息)任务结束
[INFO ][20180522 00:55:40,717][MessageTask$2:74] [SENDING]睡眠60秒
[INFO ][20180522 00:56:02,351][MessageTask$1:52] 执行(处理[waiting_confirm]状态的消息)任务开始
[INFO ][20180522 00:56:02,351][MessageScheduledImpl:121] ==>pageNum:1, numPerPage:2000
[INFO ][20180522 00:56:02,365][MessageScheduledImpl:125] ==>recordList is empty
[INFO ][20180522 00:56:02,365][MessageTask$1:54] 执行(处理[waiting_confirm]状态的消息)任务结束
[INFO ][20180522 00:56:02,365][MessageTask$1:57] [waiting_confirm]睡眠60秒
[INFO ][20180522 00:56:40,718][MessageTask$2:70] 执行(处理[SENDING]的消息)任务开始
[INFO ][20180522 00:56:40,718][MessageScheduledImpl:121] ==>pageNum:1, numPerPage:2000
[INFO ][20180522 00:56:40,734][MessageScheduledImpl:125] ==>recordList is empty
[INFO ][20180522 00:56:40,734][MessageTask$2:72] 执行(处理[SENDING]的消息)任务结束
[INFO ][20180522 00:56:40,734][MessageTask$2:74] [SENDING]睡眠60秒
[INFO ][20180522 00:57:02,365][MessageTask$1:52] 执行(处理[waiting_confirm]状态的消息)任务开始
[INFO ][20180522 00:57:02,366][MessageScheduledImpl:121] ==>pageNum:1, numPerPage:2000
[INFO ][20180522 00:57:02,381][MessageScheduledImpl:125] ==>recordList is empty
[INFO ][20180522 00:57:02,381][MessageTask$1:54] 执行(处理[waiting_confirm]状态的消息)任务结束
[INFO ][20180522 00:57:02,381][MessageTask$1:57] [waiting_confirm]睡眠60秒
[INFO ][20180522 00:57:40,734][MessageTask$2:70] 执行(处理[SENDING]的消息)任务开始
[INFO ][20180522 00:57:40,735][MessageScheduledImpl:121] ==>pageNum:1, numPerPage:2000
[INFO ][20180522 00:57:40,751][MessageScheduledImpl:125] ==>recordList is empty
[INFO ][20180522 00:57:40,751][MessageTask$2:72] 执行(处理[SENDING]的消息)任务结束
[INFO ][20180522 00:57:40,752][MessageTask$2:74] [SENDING]睡眠60秒
[INFO ][20180522 00:58:02,382][MessageTask$1:52] 执行(处理[waiting_confirm]状态的消息)任务开始
[INFO ][20180522 00:58:02,382][MessageScheduledImpl:121] ==>pageNum:1, numPerPage:2000
[INFO ][20180522 00:58:02,391][MessageScheduledImpl:125] ==>recordList is empty
[INFO ][20180522 00:58:02,392][MessageTask$1:54] 执行(处理[waiting_confirm]状态的消息)任务结束
[INFO ][20180522 00:58:02,392][MessageTask$1:57] [waiting_confirm]睡眠60秒
[INFO ][20180522 00:58:40,752][MessageTask$2:70] 执行(处理[SENDING]的消息)任务开始
[INFO ][20180522 00:58:40,753][MessageScheduledImpl:121] ==>pageNum:1, numPerPage:2000
[INFO ][20180522 00:58:40,769][MessageScheduledImpl:125] ==>recordList is empty
[INFO ][20180522 00:58:40,769][MessageTask$2:72] 执行(处理[SENDING]的消息)任务结束
[INFO ][20180522 00:58:40,769][MessageTask$2:74] [SENDING]睡眠60秒
[INFO ][20180522 00:59:02,393][MessageTask$1:52] 执行(处理[waiting_confirm]状态的消息)任务开始
[INFO ][20180522 00:59:02,393][MessageScheduledImpl:121] ==>pageNum:1, numPerPage:2000
[INFO ][20180522 00:59:02,407][MessageScheduledImpl:125] ==>recordList is empty
[INFO ][20180522 00:59:02,408][MessageTask$1:54] 执行(处理[waiting_confirm]状态的消息)任务结束
[INFO ][20180522 00:59:02,408][MessageTask$1:57] [waiting_confirm]睡眠60秒
[INFO ][20180522 00:59:40,770][MessageTask$2:70] 执行(处理[SENDING]的消息)任务开始
[INFO ][20180522 00:59:40,770][MessageScheduledImpl:121] ==>pageNum:1, numPerPage:2000
[INFO ][20180522 00:59:41,432][MessageScheduledImpl:125] ==>recordList is empty
[INFO ][20180522 00:59:41,432][MessageTask$2:72] 执行(处理[SENDING]的消息)任务结束
[INFO ][20180522 00:59:41,432][MessageTask$2:74] [SENDING]睡眠60秒
[INFO ][20180522 01:00:02,408][MessageTask$1:52] 执行(处理[waiting_confirm]状态的消息)任务开始
[INFO ][20180522 01:00:02,408][MessageScheduledImpl:121] ==>pageNum:1, numPerPage:2000
[INFO ][20180522 01:00:19,427][ClientCnxn$SendThread:1096] Client session timed out, have not heard from server in 20001ms for sessionid 0x100004393db0063, closing socket connection and attempting reconnect
[INFO ][20180522 01:00:19,529][ZkClient:449] zookeeper state changed (Disconnected)
[ERROR][20180522 01:00:21,412][MessageScheduledImpl:74] 处理[waiting_confirm]状态的消息异常java.lang.RuntimeException: org.springframework.dao.RecoverableDataAccessException: 
### Error querying database.  Cause: com.mysql.cj.jdbc.exceptions.CommunicationsException: Communications link failure

The last packet successfully received from the server was 39,889 milliseconds ago.  The last packet sent successfully to the server was 18,911 milliseconds ago.
### The error may exist in file [F:\IdeaWorkspace\roncoo-pay-dubbo\roncoo-pay-service-message\target\classes\mybatis\mapper\message\RpTransactionMessageMapper.xml]
### The error may involve com.roncoo.pay.service.message.dao.impl.RpTransactionMessageDaoImpl.listPageCount-Inline
### The error occurred while setting parameters
### SQL: select count(1) from   rp_transaction_message      WHERE  status = ?            and create_time < ?
### Cause: com.mysql.cj.jdbc.exceptions.CommunicationsException: Communications link failure

The last packet successfully received from the server was 39,889 milliseconds ago.  The last packet sent successfully to the server was 18,911 milliseconds ago.
; SQL []; Communications link failure

The last packet successfully received from the server was 39,889 milliseconds ago.  The last packet sent successfully to the server was 18,911 milliseconds ago.; nested exception is com.mysql.cj.jdbc.exceptions.CommunicationsException: Communications link failure

The last packet successfully received from the server was 39,889 milliseconds ago.  The last packet sent successfully to the server was 18,911 milliseconds ago.
org.springframework.dao.RecoverableDataAccessException: 
### Error querying database.  Cause: com.mysql.cj.jdbc.exceptions.CommunicationsException: Communications link failure

The last packet successfully received from the server was 39,889 milliseconds ago.  The last packet sent successfully to the server was 18,911 milliseconds ago.
### The error may exist in file [F:\IdeaWorkspace\roncoo-pay-dubbo\roncoo-pay-service-message\target\classes\mybatis\mapper\message\RpTransactionMessageMapper.xml]
### The error may involve com.roncoo.pay.service.message.dao.impl.RpTransactionMessageDaoImpl.listPageCount-Inline
### The error occurred while setting parameters
### SQL: select count(1) from   rp_transaction_message      WHERE  status = ?            and create_time < ?
### Cause: com.mysql.cj.jdbc.exceptions.CommunicationsException: Communications link failure

The last packet successfully received from the server was 39,889 milliseconds ago.  The last packet sent successfully to the server was 18,911 milliseconds ago.
; SQL []; Communications link failure

The last packet successfully received from the server was 39,889 milliseconds ago.  The last packet sent successfully to the server was 18,911 milliseconds ago.; nested exception is com.mysql.cj.jdbc.exceptions.CommunicationsException: Communications link failure

The last packet successfully received from the server was 39,889 milliseconds ago.  The last packet sent successfully to the server was 18,911 milliseconds ago.
	at org.springframework.jdbc.support.SQLExceptionSubclassTranslator.doTranslate(SQLExceptionSubclassTranslator.java:99)
	at org.springframework.jdbc.support.AbstractFallbackSQLExceptionTranslator.translate(AbstractFallbackSQLExceptionTranslator.java:72)
	at org.springframework.jdbc.support.AbstractFallbackSQLExceptionTranslator.translate(AbstractFallbackSQLExceptionTranslator.java:80)
	at org.mybatis.spring.MyBatisExceptionTranslator.translateExceptionIfPossible(MyBatisExceptionTranslator.java:75)
	at org.mybatis.spring.SqlSessionTemplate$SqlSessionInterceptor.invoke(SqlSessionTemplate.java:447)
	at com.sun.proxy.$Proxy11.selectOne(Unknown Source)
	at org.mybatis.spring.SqlSessionTemplate.selectOne(SqlSessionTemplate.java:167)
	at com.roncoo.pay.common.core.dao.impl.BaseDaoImpl.listPage(BaseDaoImpl.java:242)
	at com.roncoo.pay.service.message.api.impl.RpTransactionMessageServiceImpl.listPage(RpTransactionMessageServiceImpl.java:289)
	at com.alibaba.dubbo.common.bytecode.Wrapper1.invokeMethod(Wrapper1.java)
	at com.alibaba.dubbo.rpc.proxy.javassist.JavassistProxyFactory$1.doInvoke(JavassistProxyFactory.java:46)
	at com.alibaba.dubbo.rpc.proxy.AbstractProxyInvoker.invoke(AbstractProxyInvoker.java:72)
	at com.alibaba.dubbo.rpc.protocol.InvokerWrapper.invoke(InvokerWrapper.java:53)
	at com.alibaba.dubbo.rpc.filter.ExceptionFilter.invoke(ExceptionFilter.java:64)
	at com.alibaba.dubbo.rpc.protocol.ProtocolFilterWrapper$1.invoke(ProtocolFilterWrapper.java:91)
	at com.alibaba.dubbo.monitor.support.MonitorFilter.invoke(MonitorFilter.java:75)
	at com.alibaba.dubbo.rpc.protocol.ProtocolFilterWrapper$1.invoke(ProtocolFilterWrapper.java:91)
	at com.alibaba.dubbo.rpc.filter.TimeoutFilter.invoke(TimeoutFilter.java:42)
	at com.alibaba.dubbo.rpc.protocol.ProtocolFilterWrapper$1.invoke(ProtocolFilterWrapper.java:91)
	at com.alibaba.dubbo.rpc.protocol.dubbo.filter.TraceFilter.invoke(TraceFilter.java:78)
	at com.alibaba.dubbo.rpc.protocol.ProtocolFilterWrapper$1.invoke(ProtocolFilterWrapper.java:91)
	at com.alibaba.dubbo.rpc.filter.ContextFilter.invoke(ContextFilter.java:60)
	at com.alibaba.dubbo.rpc.protocol.ProtocolFilterWrapper$1.invoke(ProtocolFilterWrapper.java:91)
	at com.alibaba.dubbo.rpc.filter.GenericFilter.invoke(GenericFilter.java:112)
	at com.alibaba.dubbo.rpc.protocol.ProtocolFilterWrapper$1.invoke(ProtocolFilterWrapper.java:91)
	at com.alibaba.dubbo.rpc.filter.ClassLoaderFilter.invoke(ClassLoaderFilter.java:38)
	at com.alibaba.dubbo.rpc.protocol.ProtocolFilterWrapper$1.invoke(ProtocolFilterWrapper.java:91)
	at com.alibaba.dubbo.rpc.filter.EchoFilter.invoke(EchoFilter.java:38)
	at com.alibaba.dubbo.rpc.protocol.ProtocolFilterWrapper$1.invoke(ProtocolFilterWrapper.java:91)
	at com.alibaba.dubbo.rpc.protocol.dubbo.DubboProtocol$1.reply(DubboProtocol.java:108)
	at com.alibaba.dubbo.remoting.exchange.support.header.HeaderExchangeHandler.handleRequest(HeaderExchangeHandler.java:84)
	at com.alibaba.dubbo.remoting.exchange.support.header.HeaderExchangeHandler.received(HeaderExchangeHandler.java:170)
	at com.alibaba.dubbo.remoting.transport.DecodeHandler.received(DecodeHandler.java:52)
	at com.alibaba.dubbo.remoting.transport.dispatcher.ChannelEventRunnable.run(ChannelEventRunnable.java:82)
	at java.util.concurrent.ThreadPoolExecutor.runWorker(ThreadPoolExecutor.java:1149)
	at java.util.concurrent.ThreadPoolExecutor$Worker.run(ThreadPoolExecutor.java:624)
	at java.lang.Thread.run(Thread.java:748)
Caused by: com.mysql.cj.jdbc.exceptions.CommunicationsException: Communications link failure

The last packet successfully received from the server was 39,889 milliseconds ago.  The last packet sent successfully to the server was 18,911 milliseconds ago.
	at com.mysql.cj.jdbc.exceptions.SQLError.createCommunicationsException(SQLError.java:172)
	at com.mysql.cj.jdbc.exceptions.SQLExceptionsMapping.translateException(SQLExceptionsMapping.java:64)
	at com.mysql.cj.jdbc.ClientPreparedStatement.executeInternal(ClientPreparedStatement.java:960)
	at com.mysql.cj.jdbc.ClientPreparedStatement.execute(ClientPreparedStatement.java:388)
	at com.alibaba.druid.pool.DruidPooledPreparedStatement.execute(DruidPooledPreparedStatement.java:493)
	at org.apache.ibatis.executor.statement.PreparedStatementHandler.query(PreparedStatementHandler.java:63)
	at org.apache.ibatis.executor.statement.RoutingStatementHandler.query(RoutingStatementHandler.java:79)
	at org.apache.ibatis.executor.SimpleExecutor.doQuery(SimpleExecutor.java:63)
	at org.apache.ibatis.executor.BaseExecutor.queryFromDatabase(BaseExecutor.java:325)
	at org.apache.ibatis.executor.BaseExecutor.query(BaseExecutor.java:156)
	at org.apache.ibatis.executor.CachingExecutor.query(CachingExecutor.java:109)
	at org.apache.ibatis.executor.CachingExecutor.query(CachingExecutor.java:83)
	at org.apache.ibatis.session.defaults.DefaultSqlSession.selectList(DefaultSqlSession.java:148)
	at org.apache.ibatis.session.defaults.DefaultSqlSession.selectList(DefaultSqlSession.java:141)
	at org.apache.ibatis.session.defaults.DefaultSqlSession.selectOne(DefaultSqlSession.java:77)
	at sun.reflect.GeneratedMethodAccessor7.invoke(Unknown Source)
	at sun.reflect.DelegatingMethodAccessorImpl.invoke(DelegatingMethodAccessorImpl.java:43)
	at java.lang.reflect.Method.invoke(Method.java:498)
	at org.mybatis.spring.SqlSessionTemplate$SqlSessionInterceptor.invoke(SqlSessionTemplate.java:434)
	... 32 more
Caused by: com.mysql.cj.exceptions.CJCommunicationsException: Communications link failure

The last packet successfully received from the server was 39,889 milliseconds ago.  The last packet sent successfully to the server was 18,911 milliseconds ago.
	at sun.reflect.NativeConstructorAccessorImpl.newInstance0(Native Method)
	at sun.reflect.NativeConstructorAccessorImpl.newInstance(NativeConstructorAccessorImpl.java:62)
	at sun.reflect.DelegatingConstructorAccessorImpl.newInstance(DelegatingConstructorAccessorImpl.java:45)
	at java.lang.reflect.Constructor.newInstance(Constructor.java:423)
	at com.mysql.cj.exceptions.ExceptionFactory.createException(ExceptionFactory.java:59)
	at com.mysql.cj.exceptions.ExceptionFactory.createException(ExceptionFactory.java:103)
	at com.mysql.cj.exceptions.ExceptionFactory.createException(ExceptionFactory.java:149)
	at com.mysql.cj.exceptions.ExceptionFactory.createCommunicationsException(ExceptionFactory.java:165)
	at com.mysql.cj.protocol.a.NativeProtocol.readMessage(NativeProtocol.java:563)
	at com.mysql.cj.protocol.a.NativeProtocol.checkErrorMessage(NativeProtocol.java:735)
	at com.mysql.cj.protocol.a.NativeProtocol.sendCommand(NativeProtocol.java:674)
	at com.mysql.cj.protocol.a.NativeProtocol.sendQueryPacket(NativeProtocol.java:966)
	at com.mysql.cj.NativeSession.execSQL(NativeSession.java:1165)
	at com.mysql.cj.jdbc.ClientPreparedStatement.executeInternal(ClientPreparedStatement.java:937)
	... 48 more
Caused by: java.net.SocketTimeoutException: Read timed out
	at java.net.SocketInputStream.socketRead0(Native Method)
	at java.net.SocketInputStream.socketRead(SocketInputStream.java:116)
	at java.net.SocketInputStream.read(SocketInputStream.java:171)
	at java.net.SocketInputStream.read(SocketInputStream.java:141)
	at com.mysql.cj.protocol.ReadAheadInputStream.fill(ReadAheadInputStream.java:107)
	at com.mysql.cj.protocol.ReadAheadInputStream.readFromUnderlyingStreamIfNecessary(ReadAheadInputStream.java:150)
	at com.mysql.cj.protocol.ReadAheadInputStream.read(ReadAheadInputStream.java:180)
	at java.io.FilterInputStream.read(FilterInputStream.java:133)
	at com.mysql.cj.protocol.FullReadInputStream.readFully(FullReadInputStream.java:64)
	at com.mysql.cj.protocol.a.SimplePacketReader.readHeader(SimplePacketReader.java:63)
	at com.mysql.cj.protocol.a.SimplePacketReader.readHeader(SimplePacketReader.java:45)
	at com.mysql.cj.protocol.a.TimeTrackingPacketReader.readHeader(TimeTrackingPacketReader.java:52)
	at com.mysql.cj.protocol.a.TimeTrackingPacketReader.readHeader(TimeTrackingPacketReader.java:41)
	at com.mysql.cj.protocol.a.MultiPacketReader.readHeader(MultiPacketReader.java:54)
	at com.mysql.cj.protocol.a.MultiPacketReader.readHeader(MultiPacketReader.java:44)
	at com.mysql.cj.protocol.a.NativeProtocol.readMessage(NativeProtocol.java:557)
	... 53 more

[INFO ][20180522 01:00:21,417][MessageTask$1:54] 执行(处理[waiting_confirm]状态的消息)任务结束
[INFO ][20180522 01:00:21,417][MessageTask$1:57] [waiting_confirm]睡眠60秒
[INFO ][20180522 01:00:21,513][ClientCnxn$SendThread:975] Opening socket connection to server 172.16.0.50/172.16.0.50:2181. Will not attempt to authenticate using SASL (unknown error)
[INFO ][20180522 01:00:21,517][ClientCnxn$SendThread:852] Socket connection established to 172.16.0.50/172.16.0.50:2181, initiating session
[INFO ][20180522 01:00:21,530][ClientCnxn$SendThread:1235] Session establishment complete on server 172.16.0.50/172.16.0.50:2181, sessionid = 0x100004393db0063, negotiated timeout = 30000
[INFO ][20180522 01:00:21,530][ZkClient:449] zookeeper state changed (SyncConnected)
[INFO ][20180522 01:00:41,433][MessageTask$2:70] 执行(处理[SENDING]的消息)任务开始
[INFO ][20180522 01:00:41,434][MessageScheduledImpl:121] ==>pageNum:1, numPerPage:2000
[INFO ][20180522 01:00:41,814][MessageScheduledImpl:125] ==>recordList is empty
[INFO ][20180522 01:00:41,814][MessageTask$2:72] 执行(处理[SENDING]的消息)任务结束
[INFO ][20180522 01:00:41,815][MessageTask$2:74] [SENDING]睡眠60秒
[INFO ][20180522 01:01:21,418][MessageTask$1:52] 执行(处理[waiting_confirm]状态的消息)任务开始
[INFO ][20180522 01:01:21,418][MessageScheduledImpl:121] ==>pageNum:1, numPerPage:2000
[INFO ][20180522 01:01:21,647][MessageScheduledImpl:125] ==>recordList is empty
[INFO ][20180522 01:01:21,647][MessageTask$1:54] 执行(处理[waiting_confirm]状态的消息)任务结束
[INFO ][20180522 01:01:21,647][MessageTask$1:57] [waiting_confirm]睡眠60秒
[INFO ][20180522 01:01:41,816][MessageTask$2:70] 执行(处理[SENDING]的消息)任务开始
[INFO ][20180522 01:01:41,816][MessageScheduledImpl:121] ==>pageNum:1, numPerPage:2000
[INFO ][20180522 01:01:41,829][MessageScheduledImpl:125] ==>recordList is empty
[INFO ][20180522 01:01:41,830][MessageTask$2:72] 执行(处理[SENDING]的消息)任务结束
[INFO ][20180522 01:01:41,830][MessageTask$2:74] [SENDING]睡眠60秒
[INFO ][20180522 01:02:21,648][MessageTask$1:52] 执行(处理[waiting_confirm]状态的消息)任务开始
[INFO ][20180522 01:02:21,649][MessageScheduledImpl:121] ==>pageNum:1, numPerPage:2000
[INFO ][20180522 01:02:21,829][MessageScheduledImpl:125] ==>recordList is empty
[INFO ][20180522 01:02:21,829][MessageTask$1:54] 执行(处理[waiting_confirm]状态的消息)任务结束
[INFO ][20180522 01:02:21,829][MessageTask$1:57] [waiting_confirm]睡眠60秒
[INFO ][20180522 01:02:41,830][MessageTask$2:70] 执行(处理[SENDING]的消息)任务开始
[INFO ][20180522 01:02:41,830][MessageScheduledImpl:121] ==>pageNum:1, numPerPage:2000
[INFO ][20180522 01:02:41,836][MessageScheduledImpl:125] ==>recordList is empty
[INFO ][20180522 01:02:41,836][MessageTask$2:72] 执行(处理[SENDING]的消息)任务结束
[INFO ][20180522 01:02:41,836][MessageTask$2:74] [SENDING]睡眠60秒
